<?xml version="1.0" encoding="UTF-8" ?>
<testsuites>
  <testsuite errors="0" failures="0" hostname="Reuel-Vostro" id="0" name="reserva de vagas de estacionamento" package="" tests="3" time="18.675" timestamp="2016-05-29T19:11:36">
      <properties />

      <testcase classname="grails.plugin.cucumber.CucumberTest" name="reserva com estacionamento cheio" time="1.228" />

      <testcase classname="grails.plugin.cucumber.CucumberTest" name="reserva com estacionamento com vagas" time="0.122" />

      <testcase classname="grails.plugin.cucumber.CucumberTest" name="seleção de vaga livre" time="16.549" />

      <system-out><![CDATA[Feature: reserva de vagas de estacionamento
  As um usuário do sistema de estacionamento
  I quero ser capaz de reservar uma vaga de estacionamento
  so that eu possa me dirigir diretamente para a vaga reservada

--Output from reserva com estacionamento cheio--
--Output from reserva com estacionamento com vagas--
  Scenario: reserva com estacionamento cheio # ReservaDeVagas.feature:6
    Given todas as vagas estão ocupadas      # ReservaDeVagasSteps.groovy:16
    When Eu tento reservar uma vaga          # ReservaDeVagasSteps.groovy:24
    Then O sistema não faz nenhuma reserva   # ReservaDeVagasSteps.groovy:30

--Output from seleção de vaga livre--
  Scenario: reserva com estacionamento com vagas     # ReservaDeVagas.feature:11
    Given algumas vagas não estão ocupadas           # ReservaDeVagasSteps.groovy:85
    When Eu tento reservar uma vaga                  # ReservaDeVagasSteps.groovy:24
    Then O sistema reserva uma das vagas desocupadas # ReservaDeVagasSteps.groovy:93

  Scenario: seleção de vaga livre                    # ReservaDeVagas.feature:16
    Given eu criei as vagas "e1" e "e2"              # ReservaDeVagasSteps.groovy:55
    And eu estou na página de visualização das vagas # ReservaDeVagasSteps.groovy:65
    And eu vejo a vaga "e2" vazia                    # ReservaDeVagasSteps.groovy:70
    When eu seleciono a vaga "e2"                    # ReservaDeVagasSteps.groovy:75
    Then a vaga "e2" é marcada como ocupada          # ReservaDeVagasSteps.groovy:80
]]></system-out>

      <system-err><![CDATA[
--Output from reserva com estacionamento cheio--
--Output from reserva com estacionamento com vagas--
--Output from seleção de vaga livre--]]></system-err>

  </testsuite>
</testsuites>
